{
  "stats": {
    "suites": 1,
    "tests": 3,
    "passes": 2,
    "pending": 0,
    "failures": 1,
    "start": "2020-05-26T10:09:31.334Z",
    "end": "2020-05-26T10:10:08.365Z",
    "duration": 37031,
    "testsRegistered": 3,
    "passPercent": 66.66666666666666,
    "pendingPercent": 0,
    "other": 0,
    "hasOther": false,
    "skipped": 0,
    "hasSkipped": false
  },
  "results": [
    {
      "uuid": "f6535331-d64c-40e9-a962-839ccf95f855",
      "title": "",
      "fullFile": "",
      "file": "",
      "beforeHooks": [],
      "afterHooks": [],
      "tests": [],
      "suites": [
        {
          "uuid": "fb93bfd2-7983-47c4-b837-3cf5a58e0325",
          "title": "Actions",
          "fullFile": "",
          "file": "",
          "beforeHooks": [],
          "afterHooks": [],
          "tests": [
            {
              "title": "Verify Search in Automation Practice",
              "fullTitle": "Actions Verify Search in Automation Practice",
              "timedOut": null,
              "duration": 19805,
              "state": "passed",
              "speed": "slow",
              "pass": true,
              "fail": false,
              "pending": false,
              "context": null,
              "code": "cy.get('#search_query_top').type('shirt');\ncy.get('button[name=\"submit_search\"]').click();\ncy.get('.product-name').should('contain', 'Faded Short Sleeve T-shirts');",
              "err": {},
              "uuid": "a69b5771-f950-4202-8ed1-c4743a098910",
              "parentUUID": "fb93bfd2-7983-47c4-b837-3cf5a58e0325",
              "isHook": false,
              "skipped": false
            },
            {
              "title": "Verify Search Result",
              "fullTitle": "Actions Verify Search Result",
              "timedOut": null,
              "duration": 9296,
              "state": "failed",
              "speed": null,
              "pass": false,
              "fail": true,
              "pending": false,
              "context": "\"screenshots/demo\\\\practice.spec.js/Actions -- Verify Search Result (failed).png\"",
              "code": "cy.get('#search_query_top').type('shirt');\ncy.get('button[name=\"submit_search\"]').click();\ncy.get('.product-name').should('contain', 'Faded Short Sleeve T-shirtss');",
              "err": {
                "message": "CypressError: Timed out retrying: expected '[ <span#layer_cart_product_title.product-name>, 9 more... ]' to contain 'Faded Short Sleeve T-shirtss'",
                "estack": "CypressError: Timed out retrying: expected '[ <span#layer_cart_product_title.product-name>, 9 more... ]' to contain 'Faded Short Sleeve T-shirtss'\n    at Object.cypressErr (http://automationpractice.com/__cypress/runner/cypress_runner.js:104836:11)\n    at Object.throwErr (http://automationpractice.com/__cypress/runner/cypress_runner.js:104791:18)\n    at Object.throwErrByPath (http://automationpractice.com/__cypress/runner/cypress_runner.js:104823:17)\n    at retry (http://automationpractice.com/__cypress/runner/cypress_runner.js:96197:16)\n    at onFailFn (http://automationpractice.com/__cypress/runner/cypress_runner.js:85350:16)\n    at tryCatcher (http://automationpractice.com/__cypress/runner/cypress_runner.js:138875:23)\n    at Promise._settlePromiseFromHandler (http://automationpractice.com/__cypress/runner/cypress_runner.js:136811:31)\n    at Promise._settlePromise (http://automationpractice.com/__cypress/runner/cypress_runner.js:136868:18)\n    at Promise._settlePromise0 (http://automationpractice.com/__cypress/runner/cypress_runner.js:136913:10)\n    at Promise._settlePromises (http://automationpractice.com/__cypress/runner/cypress_runner.js:136988:18)\n    at Async../node_modules/bluebird/js/release/async.js.Async._drainQueue (http://automationpractice.com/__cypress/runner/cypress_runner.js:133600:16)\n    at Async../node_modules/bluebird/js/release/async.js.Async._drainQueues (http://automationpractice.com/__cypress/runner/cypress_runner.js:133610:10)\n    at Async.drainQueues (http://automationpractice.com/__cypress/runner/cypress_runner.js:133484:14)",
                "diff": null
              },
              "uuid": "e25c06c7-93b4-4e0c-ba7d-b5c1c99cf1d2",
              "parentUUID": "fb93bfd2-7983-47c4-b837-3cf5a58e0325",
              "isHook": false,
              "skipped": false
            },
            {
              "title": "Verify Login to APP",
              "fullTitle": "Actions Verify Login to APP",
              "timedOut": null,
              "duration": 7813,
              "state": "passed",
              "speed": "slow",
              "pass": true,
              "fail": false,
              "pending": false,
              "context": null,
              "code": "cy.get('.login').click();\ncy.get('#SubmitLogin').click();\ncy.get('.alert-danger').should('contain', 'An email address required.');",
              "err": {},
              "uuid": "b0c88ce6-cb2d-4b0f-b6a7-112ef1449e1b",
              "parentUUID": "fb93bfd2-7983-47c4-b837-3cf5a58e0325",
              "isHook": false,
              "skipped": false
            }
          ],
          "suites": [],
          "passes": [
            "a69b5771-f950-4202-8ed1-c4743a098910",
            "b0c88ce6-cb2d-4b0f-b6a7-112ef1449e1b"
          ],
          "failures": [
            "e25c06c7-93b4-4e0c-ba7d-b5c1c99cf1d2"
          ],
          "pending": [],
          "skipped": [],
          "duration": 36914,
          "root": false,
          "rootEmpty": false,
          "_timeout": 2000
        }
      ],
      "passes": [],
      "failures": [],
      "pending": [],
      "skipped": [],
      "duration": 0,
      "root": true,
      "rootEmpty": true,
      "_timeout": 2000
    }
  ],
  "meta": {
    "mocha": {
      "version": "7.2.0"
    },
    "mochawesome": {
      "options": {
        "quiet": false,
        "reportFilename": "mochawesome",
        "saveHtml": false,
        "saveJson": true,
        "consoleReporter": "spec",
        "useInlineDiffs": false,
        "code": true
      },
      "version": "6.1.1"
    },
    "marge": {
      "options": {
        "id": "default",
        "reportDir": "cypress/reports/mocha",
        "quite": true,
        "overwrite": false,
        "html": false,
        "json": true
      },
      "version": "5.1.0"
    }
  }
}