{
  "stats": {
    "suites": 1,
    "tests": 3,
    "passes": 1,
    "pending": 0,
    "failures": 2,
    "start": "2020-05-26T11:52:24.706Z",
    "end": "2020-05-26T11:53:39.588Z",
    "duration": 74882,
    "testsRegistered": 3,
    "passPercent": 33.33333333333333,
    "pendingPercent": 0,
    "other": 0,
    "hasOther": false,
    "skipped": 0,
    "hasSkipped": false
  },
  "results": [
    {
      "uuid": "e6e7c910-ae23-4c77-9f49-b6a12d8e78fd",
      "title": "",
      "fullFile": "",
      "file": "",
      "beforeHooks": [],
      "afterHooks": [],
      "tests": [],
      "suites": [
        {
          "uuid": "138ca78c-bbc2-4416-84ec-7875e0bae1ba",
          "title": "Actions",
          "fullFile": "",
          "file": "",
          "beforeHooks": [],
          "afterHooks": [],
          "tests": [
            {
              "title": "Verify Search in Automation Practice",
              "fullTitle": "Actions Verify Search in Automation Practice",
              "timedOut": null,
              "duration": 44078,
              "state": "failed",
              "speed": null,
              "pass": false,
              "fail": true,
              "pending": false,
              "context": "\"screenshots/demo\\\\practice.spec.js/Actions -- Verify Search in Automation Practice (failed).png\"",
              "code": "cy.get('#search_query_top').type('shirt');\ncy.get('button[name=\"submit_search\"]').click();\ncy.get('.product-name').should('contain', 'Faded Short Sleeve T-shirtss');",
              "err": {
                "message": "CypressError: Timed out retrying: expected '[ <span#layer_cart_product_title.product-name>, 9 more... ]' to contain 'Faded Short Sleeve T-shirtss'",
                "estack": "CypressError: Timed out retrying: expected '[ <span#layer_cart_product_title.product-name>, 9 more... ]' to contain 'Faded Short Sleeve T-shirtss'\n    at Object.cypressErr (http://automationpractice.com/__cypress/runner/cypress_runner.js:104836:11)\n    at Object.throwErr (http://automationpractice.com/__cypress/runner/cypress_runner.js:104791:18)\n    at Object.throwErrByPath (http://automationpractice.com/__cypress/runner/cypress_runner.js:104823:17)\n    at retry (http://automationpractice.com/__cypress/runner/cypress_runner.js:96197:16)\n    at onFailFn (http://automationpractice.com/__cypress/runner/cypress_runner.js:85350:16)\n    at tryCatcher (http://automationpractice.com/__cypress/runner/cypress_runner.js:138875:23)\n    at Promise._settlePromiseFromHandler (http://automationpractice.com/__cypress/runner/cypress_runner.js:136811:31)\n    at Promise._settlePromise (http://automationpractice.com/__cypress/runner/cypress_runner.js:136868:18)\n    at Promise._settlePromise0 (http://automationpractice.com/__cypress/runner/cypress_runner.js:136913:10)\n    at Promise._settlePromises (http://automationpractice.com/__cypress/runner/cypress_runner.js:136988:18)\n    at Async../node_modules/bluebird/js/release/async.js.Async._drainQueue (http://automationpractice.com/__cypress/runner/cypress_runner.js:133600:16)\n    at Async../node_modules/bluebird/js/release/async.js.Async._drainQueues (http://automationpractice.com/__cypress/runner/cypress_runner.js:133610:10)\n    at Async.drainQueues (http://automationpractice.com/__cypress/runner/cypress_runner.js:133484:14)",
                "diff": null
              },
              "uuid": "46c65122-9bf0-4983-a44b-30c4c32a2adc",
              "parentUUID": "138ca78c-bbc2-4416-84ec-7875e0bae1ba",
              "isHook": false,
              "skipped": false
            },
            {
              "title": "Verify Search Result",
              "fullTitle": "Actions Verify Search Result",
              "timedOut": null,
              "duration": 15651,
              "state": "failed",
              "speed": null,
              "pass": false,
              "fail": true,
              "pending": false,
              "context": "\"screenshots/demo\\\\practice.spec.js/Actions -- Verify Search Result (failed).png\"",
              "code": "cy.get('#search_query_top').type('shirt');\ncy.get('button[name=\"submit_search\"]').click();\ncy.get('.product-name').should('contain', 'Faded Short Sleeve T-shirtss');",
              "err": {
                "message": "CypressError: Timed out retrying: expected '[ <span#layer_cart_product_title.product-name>, 9 more... ]' to contain 'Faded Short Sleeve T-shirtss'",
                "estack": "CypressError: Timed out retrying: expected '[ <span#layer_cart_product_title.product-name>, 9 more... ]' to contain 'Faded Short Sleeve T-shirtss'\n    at Object.cypressErr (http://automationpractice.com/__cypress/runner/cypress_runner.js:104836:11)\n    at Object.throwErr (http://automationpractice.com/__cypress/runner/cypress_runner.js:104791:18)\n    at Object.throwErrByPath (http://automationpractice.com/__cypress/runner/cypress_runner.js:104823:17)\n    at retry (http://automationpractice.com/__cypress/runner/cypress_runner.js:96197:16)\n    at onFailFn (http://automationpractice.com/__cypress/runner/cypress_runner.js:85350:16)\n    at tryCatcher (http://automationpractice.com/__cypress/runner/cypress_runner.js:138875:23)\n    at Promise._settlePromiseFromHandler (http://automationpractice.com/__cypress/runner/cypress_runner.js:136811:31)\n    at Promise._settlePromise (http://automationpractice.com/__cypress/runner/cypress_runner.js:136868:18)\n    at Promise._settlePromise0 (http://automationpractice.com/__cypress/runner/cypress_runner.js:136913:10)\n    at Promise._settlePromises (http://automationpractice.com/__cypress/runner/cypress_runner.js:136988:18)\n    at Async../node_modules/bluebird/js/release/async.js.Async._drainQueue (http://automationpractice.com/__cypress/runner/cypress_runner.js:133600:16)\n    at Async../node_modules/bluebird/js/release/async.js.Async._drainQueues (http://automationpractice.com/__cypress/runner/cypress_runner.js:133610:10)\n    at Async.drainQueues (http://automationpractice.com/__cypress/runner/cypress_runner.js:133484:14)",
                "diff": null
              },
              "uuid": "2e9ae8d1-3148-4db8-9cd5-b6fe212097a0",
              "parentUUID": "138ca78c-bbc2-4416-84ec-7875e0bae1ba",
              "isHook": false,
              "skipped": false
            },
            {
              "title": "Verify Login to APP",
              "fullTitle": "Actions Verify Login to APP",
              "timedOut": null,
              "duration": 14956,
              "state": "passed",
              "speed": "slow",
              "pass": true,
              "fail": false,
              "pending": false,
              "context": null,
              "code": "cy.get('.login').click();\ncy.get('#SubmitLogin').click();\ncy.get('.alert-danger').should('contain', 'An email address required.');",
              "err": {},
              "uuid": "74051817-e541-4bc3-b53a-51af671e3798",
              "parentUUID": "138ca78c-bbc2-4416-84ec-7875e0bae1ba",
              "isHook": false,
              "skipped": false
            }
          ],
          "suites": [],
          "passes": [
            "74051817-e541-4bc3-b53a-51af671e3798"
          ],
          "failures": [
            "46c65122-9bf0-4983-a44b-30c4c32a2adc",
            "2e9ae8d1-3148-4db8-9cd5-b6fe212097a0"
          ],
          "pending": [],
          "skipped": [],
          "duration": 74685,
          "root": false,
          "rootEmpty": false,
          "_timeout": 2000
        }
      ],
      "passes": [],
      "failures": [],
      "pending": [],
      "skipped": [],
      "duration": 0,
      "root": true,
      "rootEmpty": true,
      "_timeout": 2000
    }
  ],
  "meta": {
    "mocha": {
      "version": "7.2.0"
    },
    "mochawesome": {
      "options": {
        "quiet": false,
        "reportFilename": "mochawesome",
        "saveHtml": true,
        "saveJson": true,
        "consoleReporter": "spec",
        "useInlineDiffs": false,
        "code": true
      },
      "version": "6.1.1"
    },
    "marge": {
      "options": {
        "reporterEnabled": "mochawesome",
        "mochawesomeReporterOptions": {
          "reportDir": "cypress/reports/mocha",
          "quite": true,
          "overwrite": false,
          "html": false,
          "json": true
        }
      },
      "version": "5.1.0"
    }
  }
}