{
  "stats": {
    "suites": 1,
    "tests": 3,
    "passes": 2,
    "pending": 0,
    "failures": 1,
    "start": "2020-05-26T09:59:15.426Z",
    "end": "2020-05-26T09:59:50.077Z",
    "duration": 34651,
    "testsRegistered": 3,
    "passPercent": 66.66666666666666,
    "pendingPercent": 0,
    "other": 0,
    "hasOther": false,
    "skipped": 0,
    "hasSkipped": false
  },
  "results": [
    {
      "uuid": "a3a94a1e-7239-4150-a679-331bd302e010",
      "title": "",
      "fullFile": "",
      "file": "",
      "beforeHooks": [],
      "afterHooks": [],
      "tests": [],
      "suites": [
        {
          "uuid": "c5708a07-5b8e-4471-81f6-e50c63716092",
          "title": "Actions",
          "fullFile": "",
          "file": "",
          "beforeHooks": [],
          "afterHooks": [],
          "tests": [
            {
              "title": "Verify Search in Automation Practice",
              "fullTitle": "Actions Verify Search in Automation Practice",
              "timedOut": null,
              "duration": 18177,
              "state": "passed",
              "speed": "slow",
              "pass": true,
              "fail": false,
              "pending": false,
              "context": null,
              "code": "cy.get('#search_query_top').type('shirt');\ncy.get('button[name=\"submit_search\"]').click();\ncy.get('.product-name').should('contain', 'Faded Short Sleeve T-shirts');",
              "err": {},
              "uuid": "808ecdf8-f9b5-4fdd-8036-d1f19c5fb0a5",
              "parentUUID": "c5708a07-5b8e-4471-81f6-e50c63716092",
              "isHook": false,
              "skipped": false
            },
            {
              "title": "Verify Search Result",
              "fullTitle": "Actions Verify Search Result",
              "timedOut": null,
              "duration": 8988,
              "state": "failed",
              "speed": null,
              "pass": false,
              "fail": true,
              "pending": false,
              "context": "\"screenshots/demo\\\\practice.spec.js/Actions -- Verify Search Result (failed).png\"",
              "code": "cy.get('#search_query_top').type('shirt');\ncy.get('button[name=\"submit_search\"]').click();\ncy.get('.product-name').should('contain', 'Faded Short Sleeve T-shirtss');",
              "err": {
                "message": "CypressError: Timed out retrying: expected '[ <span#layer_cart_product_title.product-name>, 9 more... ]' to contain 'Faded Short Sleeve T-shirtss'",
                "estack": "CypressError: Timed out retrying: expected '[ <span#layer_cart_product_title.product-name>, 9 more... ]' to contain 'Faded Short Sleeve T-shirtss'\n    at Object.cypressErr (http://automationpractice.com/__cypress/runner/cypress_runner.js:104836:11)\n    at Object.throwErr (http://automationpractice.com/__cypress/runner/cypress_runner.js:104791:18)\n    at Object.throwErrByPath (http://automationpractice.com/__cypress/runner/cypress_runner.js:104823:17)\n    at retry (http://automationpractice.com/__cypress/runner/cypress_runner.js:96197:16)\n    at onFailFn (http://automationpractice.com/__cypress/runner/cypress_runner.js:85350:16)\n    at tryCatcher (http://automationpractice.com/__cypress/runner/cypress_runner.js:138875:23)\n    at Promise._settlePromiseFromHandler (http://automationpractice.com/__cypress/runner/cypress_runner.js:136811:31)\n    at Promise._settlePromise (http://automationpractice.com/__cypress/runner/cypress_runner.js:136868:18)\n    at Promise._settlePromise0 (http://automationpractice.com/__cypress/runner/cypress_runner.js:136913:10)\n    at Promise._settlePromises (http://automationpractice.com/__cypress/runner/cypress_runner.js:136988:18)\n    at Async../node_modules/bluebird/js/release/async.js.Async._drainQueue (http://automationpractice.com/__cypress/runner/cypress_runner.js:133600:16)\n    at Async../node_modules/bluebird/js/release/async.js.Async._drainQueues (http://automationpractice.com/__cypress/runner/cypress_runner.js:133610:10)\n    at Async.drainQueues (http://automationpractice.com/__cypress/runner/cypress_runner.js:133484:14)",
                "diff": null
              },
              "uuid": "632eb9bb-cac6-439e-a5d9-3266d8cd80fd",
              "parentUUID": "c5708a07-5b8e-4471-81f6-e50c63716092",
              "isHook": false,
              "skipped": false
            },
            {
              "title": "Verify Login to APP",
              "fullTitle": "Actions Verify Login to APP",
              "timedOut": null,
              "duration": 7373,
              "state": "passed",
              "speed": "slow",
              "pass": true,
              "fail": false,
              "pending": false,
              "context": null,
              "code": "cy.get('.login').click();\ncy.get('#SubmitLogin').click();\ncy.get('.alert-danger').should('contain', 'An email address required.');",
              "err": {},
              "uuid": "d492d151-62d2-4e9b-9f44-6825a92238bb",
              "parentUUID": "c5708a07-5b8e-4471-81f6-e50c63716092",
              "isHook": false,
              "skipped": false
            }
          ],
          "suites": [],
          "passes": [
            "808ecdf8-f9b5-4fdd-8036-d1f19c5fb0a5",
            "d492d151-62d2-4e9b-9f44-6825a92238bb"
          ],
          "failures": [
            "632eb9bb-cac6-439e-a5d9-3266d8cd80fd"
          ],
          "pending": [],
          "skipped": [],
          "duration": 34538,
          "root": false,
          "rootEmpty": false,
          "_timeout": 2000
        }
      ],
      "passes": [],
      "failures": [],
      "pending": [],
      "skipped": [],
      "duration": 0,
      "root": true,
      "rootEmpty": true,
      "_timeout": 2000
    }
  ],
  "meta": {
    "mocha": {
      "version": "7.2.0"
    },
    "mochawesome": {
      "options": {
        "quiet": false,
        "reportFilename": "mochawesome",
        "saveHtml": true,
        "saveJson": true,
        "consoleReporter": "spec",
        "useInlineDiffs": false,
        "code": true
      },
      "version": "6.1.1"
    },
    "marge": {
      "options": {
        "reporterEnabled": "mochawesome",
        "mochawesomeReporterOptions": {
          "reportDir": "cypress/reports/mocha",
          "quite": true,
          "overwrite": false,
          "html": false,
          "json": true
        }
      },
      "version": "5.1.0"
    }
  }
}